<?xml version="1.0" encoding="UTF-8"?>
<!-- Generated by org.testng.reporters.JUnitReportReporter -->
<testsuite skipped="0" hostname="EON-shridharn" name="testApiframework.ValidateGETCalls" tests="1" failures="0" timestamp="09 Aug 2019 13:18:46 GMT" time="2.532" errors="0">
  <testcase name="validateUserList" time="2.532" classname="testApiframework.ValidateGETCalls"/>
</testsuite> <!-- testApiframework.ValidateGETCalls -->
